<?xml version="1.0" encoding="UTF-8"?>
<testsuites>
  <testsuite name="Smoke tests" timestamp="2022-07-21T15:04:39" time="17.377" tests="1" failures="0" errors="0" skipped="0">
    <properties>
      <property name="specId" value="0"/>
      <property name="suiteName" value="Smoke tests"/>
      <property name="capabilities" value="firefox.102_0_1.windows"/>
      <property name="file" value=".\tests\SmokeCalculator.test.js"/>
    </properties>
    <testcase classname="firefox.102_0_1.windows.Smoke_tests" name="Open google and yopmail com" time="17.365">
      <system-out><![CDATA[
COMMAND: POST /session/22030346-a11a-48de-aca9-fb3988d7c3f7/url - {"url":"http://www.google.com/intl/ru/"}
RESULT: {"url":"http://www.google.com/intl/ru/"}
COMMAND: GET /session/22030346-a11a-48de-aca9-fb3988d7c3f7/title - {}
RESULT: {}
COMMAND: GET /session/22030346-a11a-48de-aca9-fb3988d7c3f7/url - {}
RESULT: {}
COMMAND: POST /session/22030346-a11a-48de-aca9-fb3988d7c3f7/element - {"using":"css selector","value":"[name='q']"}
RESULT: {"using":"css selector","value":"[name='q']"}
COMMAND: GET /session/22030346-a11a-48de-aca9-fb3988d7c3f7/element/8c518b02-1c25-4a79-9a45-f5b3f52ca709/displayed - {}
RESULT: {}
COMMAND: POST /session/22030346-a11a-48de-aca9-fb3988d7c3f7/element - {"using":"css selector","value":"[name='q']"}
RESULT: {"using":"css selector","value":"[name='q']"}
COMMAND: POST /session/22030346-a11a-48de-aca9-fb3988d7c3f7/element/8c518b02-1c25-4a79-9a45-f5b3f52ca709/clear - {}
RESULT: {}
COMMAND: POST /session/22030346-a11a-48de-aca9-fb3988d7c3f7/element/8c518b02-1c25-4a79-9a45-f5b3f52ca709/value - {"text":"Cloud calculator"}
RESULT: {"text":"Cloud calculator"}
COMMAND: POST /session/22030346-a11a-48de-aca9-fb3988d7c3f7/actions - {"actions":[{"type":"key","id":"keyboard","actions":[{"type":"keyDown","value":""},{"type":"keyUp","value":""}]}]}
RESULT: {"actions":[{"type":"key","id":"keyboard","actions":[{"type":"keyDown","value":""},{"type":"keyUp","value":""}]}]}
COMMAND: DELETE /session/22030346-a11a-48de-aca9-fb3988d7c3f7/actions - {}
RESULT: {}
COMMAND: GET /session/22030346-a11a-48de-aca9-fb3988d7c3f7/title - {}
RESULT: {}
COMMAND: POST /session/22030346-a11a-48de-aca9-fb3988d7c3f7/element - {"using":"css selector","value":"a[href='https://cloud.google.com/products/calculator']"}
RESULT: {"using":"css selector","value":"a[href='https://cloud.google.com/products/calculator']"}
COMMAND: GET /session/22030346-a11a-48de-aca9-fb3988d7c3f7/element/a7c654f7-11a4-433e-b9e9-f1bf50f00190/displayed - {}
RESULT: {}
COMMAND: POST /session/22030346-a11a-48de-aca9-fb3988d7c3f7/element - {"using":"css selector","value":"a[href='https://cloud.google.com/products/calculator']"}
RESULT: {"using":"css selector","value":"a[href='https://cloud.google.com/products/calculator']"}
COMMAND: POST /session/22030346-a11a-48de-aca9-fb3988d7c3f7/element/a7c654f7-11a4-433e-b9e9-f1bf50f00190/click - {}
RESULT: {}
COMMAND: GET /session/22030346-a11a-48de-aca9-fb3988d7c3f7/title - {}
RESULT: {}
COMMAND: GET /session/22030346-a11a-48de-aca9-fb3988d7c3f7/title - {}
RESULT: {}
COMMAND: POST /session/22030346-a11a-48de-aca9-fb3988d7c3f7/url - {"url":"http://www.google.com/intl/ru/"}
RESULT: {"url":"http://www.google.com/intl/ru/"}
COMMAND: GET /session/22030346-a11a-48de-aca9-fb3988d7c3f7/window/handles - {}
RESULT: {}
COMMAND: POST /session/22030346-a11a-48de-aca9-fb3988d7c3f7/execute/sync - {"script":"return (function newWindow(url, windowName, windowFeatures) {\n    window.open(url, windowName || '', windowFeatures || '');\n}).apply(null, arguments)","args":["https://yopmail.com/","",""]}
RESULT: {"script":"return (function newWindow(url, windowName, windowFeatures) {\n    window.open(url, windowName || '', windowFeatures || '');\n}).apply(null, arguments)","args":["https://yopmail.com/","",""]}
COMMAND: GET /session/22030346-a11a-48de-aca9-fb3988d7c3f7/window/handles - {}
RESULT: {}
COMMAND: GET /session/22030346-a11a-48de-aca9-fb3988d7c3f7/window/handles - {}
RESULT: {}
COMMAND: POST /session/22030346-a11a-48de-aca9-fb3988d7c3f7/window - {"handle":"b8768392-f780-4ab8-9568-4bcfde986a9a"}
RESULT: {"handle":"b8768392-f780-4ab8-9568-4bcfde986a9a"}
COMMAND: GET /session/22030346-a11a-48de-aca9-fb3988d7c3f7/title - {}
RESULT: {}
COMMAND: GET /session/22030346-a11a-48de-aca9-fb3988d7c3f7/window/handles - {}
RESULT: {}
COMMAND: POST /session/22030346-a11a-48de-aca9-fb3988d7c3f7/window - {"handle":"b8768392-f780-4ab8-9568-4bcfde986a9a"}
RESULT: {"handle":"b8768392-f780-4ab8-9568-4bcfde986a9a"}
COMMAND: POST /session/22030346-a11a-48de-aca9-fb3988d7c3f7/element - {"using":"css selector","value":"#login"}
RESULT: {"using":"css selector","value":"#login"}
COMMAND: POST /session/22030346-a11a-48de-aca9-fb3988d7c3f7/elements - {"using":"css selector","value":"#login"}
RESULT: {"using":"css selector","value":"#login"}
COMMAND: POST /session/22030346-a11a-48de-aca9-fb3988d7c3f7/elements - {"using":"css selector","value":"#login"}
RESULT: {"using":"css selector","value":"#login"}
COMMAND: POST /session/22030346-a11a-48de-aca9-fb3988d7c3f7/elements - {"using":"css selector","value":"#login"}
RESULT: {"using":"css selector","value":"#login"}
COMMAND: POST /session/22030346-a11a-48de-aca9-fb3988d7c3f7/element - {"using":"css selector","value":"#login"}
RESULT: {"using":"css selector","value":"#login"}
COMMAND: POST /session/22030346-a11a-48de-aca9-fb3988d7c3f7/element/7b3142f5-bd15-4ed9-84fa-c12e8bf5f03e/clear - {}
RESULT: {}
COMMAND: POST /session/22030346-a11a-48de-aca9-fb3988d7c3f7/element/7b3142f5-bd15-4ed9-84fa-c12e8bf5f03e/value - {"text":"me@yopmail.com"}
RESULT: {"text":"me@yopmail.com"}
COMMAND: POST /session/22030346-a11a-48de-aca9-fb3988d7c3f7/actions - {"actions":[{"type":"key","id":"keyboard","actions":[{"type":"keyDown","value":""},{"type":"keyUp","value":""}]}]}
RESULT: {"actions":[{"type":"key","id":"keyboard","actions":[{"type":"keyDown","value":""},{"type":"keyUp","value":""}]}]}
COMMAND: DELETE /session/22030346-a11a-48de-aca9-fb3988d7c3f7/actions - {}
RESULT: {}
COMMAND: GET /session/22030346-a11a-48de-aca9-fb3988d7c3f7/title - {}
RESULT: {}
COMMAND: GET /session/22030346-a11a-48de-aca9-fb3988d7c3f7/title - {}
RESULT: {}
COMMAND: GET /session/22030346-a11a-48de-aca9-fb3988d7c3f7/screenshot - {}
RESULT: {}
COMMAND: DELETE /session/22030346-a11a-48de-aca9-fb3988d7c3f7 - {}
RESULT: {}
]]></system-out>
    </testcase>
  </testsuite>
</testsuites>